/home/runner/work/virtualization/virtualization/output/effective.xml:205:12: error: element "cclaims" not allowed anywhere; expected text, element "CClaimsInfo", "_", "assignable", "choice", "comment", "ctr", "depends", "endnote", "equation", "external-doc", "figure", "if-opt-app", "implements", "no-link", "provides", "refinement", "requires", "rule", "selectables", "snip", "testlist" or "xref" or an element from another namespace
/home/runner/work/virtualization/virtualization/output/effective.xml:218:19: error: element "cclaims" not allowed anywhere; expected text, element "CClaimsInfo", "_", "assignable", "choice", "comment", "ctr", "depends", "endnote", "equation", "external-doc", "figure", "if-opt-app", "implements", "no-link", "provides", "refinement", "requires", "rule", "selectables", "snip", "testlist" or "xref" or an element from another namespace
/home/runner/work/virtualization/virtualization/output/effective.xml:222:35: error: element "cclaims" not allowed anywhere; expected text, element "CClaimsInfo", "_", "assignable", "choice", "comment", "ctr", "depends", "endnote", "equation", "external-doc", "figure", "if-opt-app", "implements", "no-link", "provides", "refinement", "requires", "rule", "selectables", "snip", "testlist" or "xref" or an element from another namespace
/home/runner/work/virtualization/virtualization/output/effective.xml:225:19: error: element "cclaims" not allowed anywhere; expected text, element "CClaimsInfo", "_", "assignable", "choice", "comment", "ctr", "depends", "endnote", "equation", "external-doc", "figure", "if-opt-app", "implements", "no-link", "provides", "refinement", "requires", "rule", "selectables", "snip", "testlist" or "xref" or an element from another namespace
/home/runner/work/virtualization/virtualization/output/effective.xml:228:19: error: element "cclaims" not allowed anywhere; expected text, element "CClaimsInfo", "_", "assignable", "choice", "comment", "ctr", "depends", "endnote", "equation", "external-doc", "figure", "if-opt-app", "implements", "no-link", "provides", "refinement", "requires", "rule", "selectables", "snip", "testlist" or "xref" or an element from another namespace
/home/runner/work/virtualization/virtualization/output/effective.xml:231:27: error: element "sec:Conformance_Claims" incomplete; missing required element "CClaimsInfo"
