/home/runner/work/virtualization/virtualization/input/virtualization.xml:184:14: error: element "cclaims" not allowed anywhere; expected text, element "CClaimsInfo", "_", "assignable", "choice", "comment", "ctr", "depends", "endnote", "equation", "external-doc", "figure", "if-opt-app", "implements", "no-link", "provides", "refinement", "requires", "rule", "selectables", "snip", "testlist" or "xref" or an element from another namespace
/home/runner/work/virtualization/virtualization/input/virtualization.xml:190:184: error: element "cclaims" not allowed anywhere; expected text, element "CClaimsInfo", "_", "assignable", "choice", "comment", "ctr", "depends", "endnote", "equation", "external-doc", "figure", "if-opt-app", "implements", "no-link", "provides", "refinement", "requires", "rule", "selectables", "snip", "testlist" or "xref" or an element from another namespace
/home/runner/work/virtualization/virtualization/input/virtualization.xml:196:19: error: element "cclaims" not allowed anywhere; expected text, element "CClaimsInfo", "_", "assignable", "choice", "comment", "ctr", "depends", "endnote", "equation", "external-doc", "figure", "if-opt-app", "implements", "no-link", "provides", "refinement", "requires", "rule", "selectables", "snip", "testlist" or "xref" or an element from another namespace
/home/runner/work/virtualization/virtualization/input/virtualization.xml:199:23: error: element "cclaims" not allowed anywhere; expected text, element "CClaimsInfo", "_", "assignable", "choice", "comment", "ctr", "depends", "endnote", "equation", "external-doc", "figure", "if-opt-app", "implements", "no-link", "provides", "refinement", "requires", "rule", "selectables", "snip", "testlist" or "xref" or an element from another namespace
/home/runner/work/virtualization/virtualization/input/virtualization.xml:202:23: error: element "cclaims" not allowed anywhere; expected text, element "CClaimsInfo", "_", "assignable", "choice", "comment", "ctr", "depends", "endnote", "equation", "external-doc", "figure", "if-opt-app", "implements", "no-link", "provides", "refinement", "requires", "rule", "selectables", "snip", "testlist" or "xref" or an element from another namespace
/home/runner/work/virtualization/virtualization/input/virtualization.xml:205:28: error: element "sec:Conformance_Claims" incomplete; missing required element "CClaimsInfo"
